<?xml version="1.0" encoding="UTF-8"?>
<!-- Generated by org.testng.reporters.JUnitXMLReporter -->
<testsuite ignored="0" hostname="Akshay" failures="1" tests="4" name="Test" time="11.64" errors="0" timestamp="2024-11-23T12:03:47 CST">
  <testcase classname="com.tests.LoginTestSD" name="verifyLoginTest" time="0.073">
    <failure type="java.lang.AssertionError" message="expected [false] but found [true]">
      <![CDATA[java.lang.AssertionError: expected [false] but found [true]
at com.tests.LoginTestSD.verifyLoginTest(LoginTestSD.java:18)
at java.base/java.util.ArrayList.forEach(ArrayList.java:1596)
... Removed 31 stack frames]]>
    </failure>
  </testcase> <!-- verifyLoginTest -->
  <testcase classname="com.tests.LoginTestSD" name="verifyAlertMessageLoginTest" time="0.121"/>
  <testcase classname="com.tests.HomeTestSD" name="verifyMainHeadingTest" time="0.443"/>
  <testcase classname="com.tests.HomeTestSD" name="verifyMainSubHeadingTest" time="0.404"/>
</testsuite> <!-- Test -->
