<?xml version="1.0" encoding="UTF-8"?>
<!-- Generated by org.testng.reporters.JUnitXMLReporter -->
<testsuite ignored="0" hostname="Akshay" failures="0" tests="4" name="Test" time="12.773" errors="0" timestamp="2024-11-21T15:42:52 CST">
  <testcase classname="com.tests.LoginTestSD" name="verifyLoginTest" time="0.079"/>
  <testcase classname="com.tests.LoginTestSD" name="verifyAlertMessageLoginTest" time="0.205"/>
  <testcase classname="com.tests.HomeTestSD" name="verifyMainHeadingTest" time="0.723"/>
  <testcase classname="com.tests.HomeTestSD" name="verifyMainSubHeadingTest" time="0.435"/>
</testsuite> <!-- Test -->
