<?xml version="1.0" encoding="UTF-8"?>
<!-- Generated by org.testng.reporters.JUnitXMLReporter -->
<testsuite ignored="0" hostname="Akshay" failures="0" tests="4" name="Test" time="13.845" errors="0" timestamp="2024-11-23T12:04:52 CST">
  <testcase classname="com.tests.LoginTestSD" name="verifyLoginTest" time="0.037"/>
  <testcase classname="com.tests.LoginTestSD" name="verifyAlertMessageLoginTest" time="0.125"/>
  <testcase classname="com.tests.HomeTestSD" name="verifyMainHeadingTest" time="0.474"/>
  <testcase classname="com.tests.HomeTestSD" name="verifyMainSubHeadingTest" time="0.376"/>
</testsuite> <!-- Test -->
