<?xml version="1.0" encoding="UTF-8"?>
<testsuite name="Test"
           tests="2"
           failures="0"
           errors="0"
           skipped="0"
           time="0.915">
    <properties></properties>



            <testcase
                name="verifyMainHeadingTest"
                time="0.475"
                classname="com.tests.HomeTest">
            </testcase>
            <testcase
                name="verifyMainSubHeadingTest"
                time="0.440"
                classname="com.tests.HomeTest">
            </testcase>
</testsuite>
