<?xml version="1.0" encoding="UTF-8"?>
<testsuite name="Test"
           tests="2"
           failures="0"
           errors="0"
           skipped="0"
           time="0.182">
    <properties></properties>



            <testcase
                name="verifyLoginTest"
                time="0.053"
                classname="com.tests.LoginTest">
            </testcase>
            <testcase
                name="verifyAlertMessageLoginTest"
                time="0.129"
                classname="com.tests.LoginTest">
            </testcase>
</testsuite>
