<?xml version="1.0" encoding="UTF-8"?>
<testsuite name="Default test"
           tests="2"
           failures="0"
           errors="0"
           skipped="0"
           time="0.959">
    <properties></properties>



            <testcase
                name="verifyMainHeadingTest"
                time="0.472"
                classname="com.tests.HomeTestSD">
            </testcase>
            <testcase
                name="verifyMainSubHeadingTest"
                time="0.487"
                classname="com.tests.HomeTestSD">
            </testcase>
</testsuite>
